<?xml version="1.0" encoding="UTF-8"?>
<!-- Generated by org.testng.reporters.JUnitReportReporter -->
<testsuite name="com.testAutomation.Testcases.LoginTestWordpress" tests="1" time="8.913" ignored="1" failures="0" timestamp="30 Nov 2020 11:32:54 GMT" skipped="0" hostname="LAPTOP-HE7823DA" errors="0">
  <testcase name="LoginToWordpress" time="8.913" classname="com.testAutomation.Testcases.LoginTestWordpress"/>
  <testcase name="setupSuit" classname="com.testAutomation.pages.Baseclass">
    <skipped/>
  </testcase> <!-- setupSuit -->
</testsuite> <!-- com.testAutomation.Testcases.LoginTestWordpress -->
